<?xml version="1.0" encoding="UTF-8"?>
<!-- Generated by org.testng.reporters.JUnitReportReporter -->
<testsuite hostname="LAPTOP-79H0M76G" name="com.qa.Students.UserInfo" tests="4" failures="0" timestamp="20 Jan 2021 07:50:08 GMT" time="7.423" errors="0">
  <testcase name="validateUserId" time="0.239" classname="com.qa.Students.UserInfo"/>
  <testcase name="parseJson" time="1.455" classname="com.qa.Students.UserInfo"/>
  <testcase name="validateResponseStatus" time="0.141" classname="com.qa.Students.UserInfo"/>
  <testcase name="getrequest" time="5.588" classname="com.qa.Students.UserInfo"/>
</testsuite> <!-- com.qa.Students.UserInfo -->
