<?xml version="1.0" encoding="UTF-8"?>
<!-- Generated by org.testng.reporters.JUnitReportReporter -->
<testsuite hostname="LAPTOP-79H0M76G" name="com.qa.Students.Student_Info" tests="8" failures="0" timestamp="20 Jan 2021 06:58:43 GMT" time="0.337" errors="0">
  <testcase name="User_city" time="0.003" classname="com.qa.Students.Student_Info"/>
  <testcase name="User_name" time="0.015" classname="com.qa.Students.Student_Info"/>
  <testcase name="User_contact" time="0.004" classname="com.qa.Students.Student_Info"/>
  <testcase name="User_lastsessionid" time="0.002" classname="com.qa.Students.Student_Info"/>
  <testcase name="User_firstaddress" time="0.003" classname="com.qa.Students.Student_Info"/>
  <testcase name="User_secondcontact" time="0.002" classname="com.qa.Students.Student_Info"/>
  <testcase name="User_id" time="0.004" classname="com.qa.Students.Student_Info"/>
  <testcase name="User_marks" time="0.304" classname="com.qa.Students.Student_Info"/>
</testsuite> <!-- com.qa.Students.Student_Info -->
